Saved: 'tmp/0_dance_1_gta_0_1580919385.83735.mp4/0002.png'
 Time: 00:06.60 (Saving: 00:00.09)



total memory len: 49.526 MB
peak memory len: 49.685 MB

For more detailed per-block statistics run Blender with memory debugging command line argument.

total memory len: 49.528 MB
peak memory len: 51.588 MB

For more detailed per-block statistics run Blender with memory debugging command line argument.
Saved: 'tmp/0_dance_1_gta_0_1580919385.83735.mp4/0000.png'
 Time: 00:06.81 (Saving: 00:00.10)

 | Scene, RenderLayer | Synchronizing object | f_avg.003
Fra:97 Mem:169.59M (0.00M, Peak 170.68M) | Time:00:00.05 | Mem:0.00M, Peak:0.00M | Scene, RenderLayer | Synchronizing object | Armature.004
Fra:97 Mem:169.59M (0.00M, Peak 170.68M) | Time:00:00.05 | Mem:0.00M, Peak:0.00M | Scene, RenderLayer | Synchronizing object | m_avg.001
Fra:97 Mem:170.79M (0.00M, Peak 171.88M) | Time:00:00.06 | Mem:0.00M, Peak:0.00M | Scene, RenderLayer | Synchronizing object | Armature.003
Fra:97 Mem:170.79M (0.00M, Peak 171.88M) | Time:00:00.06 | Mem:0.00M, Peak:0.00M | Scene, RenderLayer | Synchronizing object | f_avg.002
Fra:97 Mem:171.99M (0.00M, Peak 173.07M) | Time:00:00.07 | Mem:0.00M, Peak:0.00M | Scene, RenderLayer | Synchronizing object | Armature.002
Fra:97 Mem:171.99M (0.00M, Peak 173.07M) | Time:00:00.07 | Mem:0.00M, Peak:0.00M | Scene, RenderLayer | Synchronizing object | f_avg.001
Fra:97 Mem:173.18M (0.00M, Peak 174.27M) | Time:00:00.07 | Mem:0.00M, Peak:0.00M | Scene, RenderLayer | Synchronizing object | Armature.001
Fra:97 Mem:173.18M (0.00M, Peak 174.27M) | Time:00:00.07 | Mem:0.00M, Peak:0.00M | Scene, RenderLayer | Synchronizing object | f_avg
Fra:97 Mem:174.38M (0.00M, Peak 175.46M) | Time:00:00.08 | Mem:0.00M, Peak:0.00M | Scene, RenderLayer | Synchronizing object | Armature
Fra:97 Mem:174.38M (0.00M, Peak 175.46M) | Time:00:00.08 | Mem:0.00M, Peak:0.00M | Scene, RenderLayer | Synchronizing object | m_avg
Fra:97 Mem:175.57M (0.00M, Peak 176.66M) | Time:00:00.09 | Mem:0.00M, Peak:0.00M | Scene, RenderLayer | Synchronizing object | Lamp
Fra:97 Mem:175.57M (0.00M, Peak 176.66M) | Time:00:00.09 | Mem:0.00M, Peak:0.00M | Scene, RenderLayer | Synchronizing object | Camera
Fra:97 Mem:175.57M (0.00M, Peak 176.66M) | Time:00:00.09 | Mem:0.00M, Peak:0.00M | Scene, RenderLayer | Initializing
Fra:97 Mem:175.57M (0.00M, Peak 176.66M) | Time:00:00.12 | Mem:0.00M, Peak:0.00M | Scene, RenderLayer | Synchronizing object | Armature.006
Fra:97 Mem:175.57M (0.00M, Peak 176.66M) | Time:00:00.12 | Mem:0.00M, Peak:0.00M | Scene, RenderLayer | Synchronizing object | f_avg.004

Blender killed
7M (0.00M, Peak 177.63M) | Time:00:00.13 | Mem:0.00M, Peak:0.00M | Scene, RenderLayer | Synchronizing object | Armature.005
Fra:96 Mem:175.57M (0.00M, Peak 177.63M) | Time:00:00.13 | Mem:0.00M, Peak:0.00M | Scene, RenderLayer | Synchronizing object | f_avg.003
Fra:96 Mem:175.57M (0.00M, Peak 177.63M) | Time:00:00.13 | Mem:0.00M, Peak:0.00M | Scene, RenderLayer | Synchronizing object | Armature.004
Fra:96 Mem:175.57M (0.00M, Peak 177.63M) | Time:00:00.13 | Mem:0.00M, Peak:0.00M | Scene, RenderLayer | Synchronizing object | m_avg.001
Fra:96 Mem:175.57M (0.00M, Peak 177.64M) | Time:00:00.14 | Mem:0.00M, Peak:0.00M | Scene, RenderLayer | Synchronizing object | Armature.003
Fra:96 Mem:175.57M (0.00M, Peak 177.64M) | Time:00:00.14 | Mem:0.00M, Peak:0.00M | Scene, RenderLayer | Synchronizing object | f_avg.002
Fra:96 Mem:175.99M (0.00M, Peak 177.64M) | Time:00:00.14 | Mem:0.00M, Peak:0.00M | Scene, RenderLayer | Synchronizing object | Armature.002
Fra:96 Mem:175.99M (0.00M, Peak 177.64M) | Time:00:00.14 | Mem:0.00M, Peak:0.00M | Scene, RenderLayer | Synchronizing object | f_avg.001
Fra:96 Mem:176.41M (0.00M, Peak 178.05M) | Time:00:00.23 | Mem:0.00M, Peak:0.00M | Scene, RenderLayer | Synchronizing object | Armature.001
Fra:96 Mem:176.41M (0.00M, Peak 178.05M) | Time:00:00.23 | Mem:0.00M, Peak:0.00M | Scene, RenderLayer | Synchronizing object | f_avg
Fra:96 Mem:176.41M (0.00M, Peak 178.48M) | Time:00:00.25 | Mem:0.00M, Peak:0.00M | Scene, RenderLayer | Synchronizing object | Armature
Fra:96 Mem:176.41M (0.00M, Peak 178.48M) | Time:00:00.25 | Mem:0.00M, Peak:0.00M | Scene, RenderLayer | Synchronizing object | m_avg
Fra:96 Mem:176.84M (0.00M, Peak 178.48M) | Time:00:00.26 | Mem:0.00M, Peak:0.00M | Scene, RenderLayer | Synchronizing object | Lamp
Fra:96 Mem:176.84M (0.00M, Peak 178.48M) | Time:00:00.26 | Mem:0.00M, Peak:0.00M | Scene, RenderLayer | Synchronizing object | Camera
Fra:96 Mem:176.84M (0.00M, Peak 178.48M) | Time:00:00.26 | Mem:0.00M, Peak:0.00M | Scene, RenderLayer | Initializing
Fra:96 Mem:176.84M (0.00M, Peak 178.48M) | Time:00:00.30 | Mem:0.00M, Peak:0.00M | Scene, RenderLayer | Synchronizing object | Armature.006
Fra:96 Mem:176.84M (0.00M, Peak 178.48M) | Time:00:00.30 | Mem:0.00M, Peak:0.00M | Scene, RenderLayer | Synchronizing object | f_avg.004
Fra:96 Mem:176.84M (0.00M, Peak 178.90M) | Time:00:00.31 | Mem:0.00M, Peak:0.00M | Scene, RenderLayer | Synchronizing object | Armature.005
Fra:96 Mem:176.84M (0.00M, Peak 178.90M) | Time:00:00.31 | Mem:0.00M, Peak:0.00M | Scene, RenderLayer | Synchronizing object | f_avg.003
Fra:96 Mem:176.84M (0.00M, Peak 178.90M) | Time:00:00.31 | Mem:0.00M, Peak:0.00M | Scene, RenderLayer | Synchronizing object | Armature.004
Fra:96 Mem:176.84M (0.00M, Peak 178.90M) | Time:00:00.31 | Mem:0.00M, Peak:0.00M | Scene, RenderLayer | Synchronizing object | m_avg.001
Fra:96 Mem:176.84M (0.00M, Peak 178.90M) | Time:00:00.32 | Mem:0.00M, Peak:0.00M | Scene, RenderLayer | Synchronizing object | Armature.003
Fra:96 Mem:176.84M (0.00M, Peak 178.90M) | Time:00:00.32 | Mem:0.00M, Peak:0.00M | Scene, RenderLayer | Synchronizing object | f_avg.002
Fra:96 Mem:176.84M (0.00M, Peak 178.90M) | Time:00:00.32 | Mem:0.00M, Peak:0.00M | Scene, RenderLayer | Synchronizing object | Armature.002
Fra:96 Mem:176.84M (0.00M, Peak 178.90M) | Time:00:00.32 | Mem:0.00M, Peak:0.00M | Scene, RenderLayer | Synchronizing object | f_avg.001
Fra:96 Mem:176.84M (0.00M, Peak 178.90M) | Time:00:00.33 | Mem:0.00M, Peak:0.00M | Scene, RenderLayer | Synchronizing object | Armature.001
Fra:96 Mem:176.84M (0.00M, Peak 178.90M) | Time:00:00.33 | Mem:0.00M, Peak:0.00M | Scene, RenderLayer | Synchronizing object | f_avg
Fra:96 Mem:176.84M (0.00M, Peak 178.90M) | Time:00:00.34 | Mem:0.00M, Peak:0.00M | Scene, RenderLayer | Synchronizing object | Armature
Fra:96 Mem:176.84M (0.00M, Peak 178.90M) | Time:00:00.34 | Mem:0.00M, Peak:0.00M | Scene, RenderLayer | Synchronizing object | m_avg
Fra:96 Mem:176.84M (0.00M, Peak 178.90M) | Time:00:00.35 | Mem:0.00M, Peak:0.00M | Scene, RenderLayer | Synchronizing object | Lamp
Fra:96 Mem:176.84M (0.00M, Peak 178.90M) | Time:00:00.35 | Mem:0.00M, Peak:0.00M | Scene, RenderLayer | Synchronizing object | Camera
Fra:96 Mem:176.84M (0.00M, Peak 178.90M) | Time:00:00.35 | Mem:0.00M, Peak:0.00M | Scene, RenderLayer | Initializing
Fra:96 Mem:176.83M (0.00M, Peak 178.90M) | Time:00:00.37 | Mem:0.00M, Peak:0.00M | Scene, RenderLayer | Loading render kernels (may take a few minutes the first time)
Fra:96 Mem:176.83M (0.00M, Peak 178.90M) | Time:00:00.37 | Mem:0.00M, Peak:0.00M | Scene, RenderLayer | Waiting for render to start
Fra:96 Mem:176.83M (0.00M, Peak 178.90M) | Time:00:00.37 | Mem:0.00M, Peak:0.00M | Scene, RenderLayer | Updating Scene
Fra:96 Mem:176.83M (0.00M, Peak 178.90M) | Time:00:00.37 | Mem:0.00M, Peak:0.00M | Scene, RenderLayer | Updating Shaders
Fra:96 Mem:177.09M (0.00M, Peak 178.90M) | Time:00:00.47 | Mem:0.00M, Peak:0.00M | Scene, RenderLayer | Updating Background
Fra:96 Mem:177.09M (0.00M, Peak 178.90M) | Time:00:00.47 | Mem:0.00M, Peak:0.00M | Scene, RenderLayer | Updating Camera
Fra:96 Mem:177.09M (0.00M, Peak 178.90M) | Time:00:00.47 | Mem:0.00M, Peak:0.00M | Scene, RenderLayer | Updating Meshes Flags
Fra:96 Mem:177.09M (0.00M, Peak 178.90M) | Time:00:00.47 | Mem:0.00M, Peak:0.00M | Scene, RenderLayer | Updating Objects
Fra:96 Mem:177.09M (0.00M, Peak 178.90M) | Time:00:00.47 | Mem:0.00M, Peak:0.00M | Scene, RenderLayer | Updating Objects | Copying Transformations to device
Fra:96 Mem:177.09M (0.00M, Peak 178.90M) | Time:00:00.47 | Mem:0.00M, Peak:0.00M | Scene, RenderLayer | Updating Objects | Applying Static Transformations
Fra:96 Mem:177.09M (0.00M, Peak 178.90M) | Time:00:00.47 | Mem:0.00M, Peak:0.00M | Scene, RenderLayer | Updating Meshes
Fra:96 Mem:178.56M (0.00M, Peak 178.90M) | Time:00:00.47 | Mem:0.00M, Peak:0.00M | Scene, RenderLayer | Updating Mesh | Computing attributes
Fra:96 Mem:183.61M (0.00M, Peak 183.61M) | Time:00:00.48 | Mem:0.00M, Peak:0.00M | Scene, RenderLayer | Updating Mesh | Copying Attributes to device
Fra:96 Mem:183.61M (0.00M, Peak 188.66M) | Time:00:00.48 | Mem:5.05M, Peak:5.05M | Scene, RenderLayer | Updating Scene BVH | Building
Fra:96 Mem:183.61M (0.00M, Peak 188.66M) | Time:00:00.48 | Mem:5.05M, Peak:5.05M | Scene, RenderLayer | Updating Scene BVH | Building BVH
Fra:96 Mem:189.13M (0.00M, Peak 189.13M) | Time:00:00.61 | Mem:5.05M, Peak:5.05M | Scene, RenderLayer | Updating Scene BVH | Packing BVH triangles and strands
Fra:96 Mem:194.28M (0.00M, Peak 194.28M) | Time:00:00.61 | Mem:5.05M, Peak:5.05M | Scene, RenderLayer | Updating Scene BVH | Packing BVH nodes
Fra:96 Mem:191.33M (0.00M, Peak 195.74M) | Time:00:00.62 | Mem:5.05M, Peak:5.05M | Scene, RenderLayer | Updating Scene BVH | Copying BVH to device
Fra:96 Mem:191.69M (0.00M, Peak 195.74M) | Time:00:00.62 | Mem:12.77M, Peak:12.77M | Scene, RenderLayer | Updating Mesh | Computing normals
Fra:96 Mem:195.00M (0.00M, Peak 195.74M) | Time:00:00.63 | Mem:12.77M, Peak:12.77M | Scene, RenderLayer | Updating Mesh | Copying Mesh to device
Fra:96 Mem:194.64M (0.00M, Peak 195.74M) | Time:00:00.63 | Mem:16.08M, Peak:16.08M | Scene, RenderLayer | Updating Objects Flags
Fra:96 Mem:194.64M (0.00M, Peak 195.74M) | Time:00:00.63 | Mem:16.08M, Peak:16.08M | Scene, RenderLayer | Updating Images
Fra:96 Mem:194.64M (0.00M, Peak 195.74M) | Time:00:00.63 | Mem:16.08M, Peak:16.08M | Scene, RenderLayer | Updating Camera Volume
Fra:96 Mem:194.64M (0.00M, Peak 195.74M) | Time:00:00.63 | Mem:16.08M, Peak:16.08M | Scene, RenderLayer | Updating Hair Systems
Fra:96 Mem:194.64M (0.00M, Peak 195.74M) | Time:00:00.63 | Mem:16.08M, Peak:16.08M | Scene, RenderLayer | Updating Hair settings | Copying Hair settings to device
Fra:96 Mem:194.64M (0.00M, Peak 195.74M) | Time:00:00.63 | Mem:16.08M, Peak:16.08M | Scene, RenderLayer | Updating Lookup Tables
Fra:96 Mem:194.64M (0.00M, Peak 195.74M) | Time:00:00.63 | Mem:16.33M, Peak:16.33M | Scene, RenderLayer | Updating Lights
Fra:96 Mem:194.64M (0.00M, Peak 195.74M) | Time:00:00.63 | Mem:16.33M, Peak:16.33M | Scene, RenderLayer | Updating Lights | Computing distribution
Fra:96 Mem:196.11M (0.00M, Peak 196.11M) | Time:00:00.63 | Mem:17.80M, Peak:17.80M | Scene, RenderLayer | Updating Particle Systems
Fra:96 Mem:196.11M (0.00M, Peak 196.11M) | Time:00:00.63 | Mem:17.80M, Peak:17.80M | Scene, RenderLayer | Updating Particle Systems | Copying Particles to device
Fra:96 Mem:196.11M (0.00M, Peak 196.11M) | Time:00:00.63 | Mem:17.80M, Peak:17.80M | Scene, RenderLayer | Updating Integrator
Fra:96 Mem:196.15M (0.00M, Peak 196.15M) | Time:00:00.63 | Mem:17.84M, Peak:17.84M | Scene, RenderLayer | Updating Film
Fra:96 Mem:196.15M (0.00M, Peak 196.41M) | Time:00:00.63 | Mem:17.84M, Peak:17.84M | Scene, RenderLayer | Updating Lookup Tables
Fra:96 Mem:196.15M (0.00M, Peak 196.41M) | Time:00:00.63 | Mem:17.84M, Peak:17.84M | Scene, RenderLayer | Updating Baking
Fra:96 Mem:196.15M (0.00M, Peak 196.41M) | Time:00:00.63 | Mem:17.84M, Peak:17.84M | Scene, RenderLayer | Updating Device | Writing constant memory
Fra:96 Mem:196.15M (0.00M, Peak 196.41M) | Time:00:00.63 | Mem:17.84M, Peak:17.84M | Scene, RenderLayer | Path Tracing Tile 0/60, Sample 0/128
Fra:96 Mem:196.48M (0.00M, Peak 196.73M) | Time:00:00.63 | Mem:18.17M, Peak:18.17M | Scene, RenderLayer | Path Tracing Tile 1/60, Sample 0/128
Fra:96 Mem:196.15M (0.00M, Peak 196.80M) | Time:00:00.72 | Remaining:00:04.81 | Mem:17.84M, Peak:18.17M | Scene, RenderLayer | Path Tracing Tile 1/60, Sample 128/128
Fra:96 Mem:196.48M (0.00M, Peak 196.80M) | Time:00:00.72 | Remaining:00:04.82 | Mem:18.17M, Peak:18.17M | Scene, RenderLayer | Path Tracing Tile 2/60, Sample 128/128
Fra:96 Mem:196.48M (0.00M, Peak 196.80M) | Time:00:00.81 | Remaining:00:04.87 | Mem:18.17M, Peak:18.17M | Scene, RenderLayer | Path Tracing Tile 3/60, Sample 128/128
Fra:96 Mem:196.48M (0.00M, Peak 196.80M) | Time:00:00.90 | Remaining:00:04.69 | Mem:18.17M, Peak:18.17M | Scene, RenderLayer | Path Tracing Tile 4/60, Sample 128/128
Fra:96 Mem:196.48M (0.00M, Peak 196.80M) | Time:00:00.98 | Remaining:00:04.51 | Mem:18.17M, Peak:18.17M | Scene, RenderLayer | Path Tracing Tile 5/60, Sample 128/128
Fra:96 Mem:196.48M (0.00M, Peak 196.80M) | Time:00:01.55 | Remaining:00:09.37 | Mem:18.17M, Peak:18.17M | Scene, RenderLayer | Path Tracing Tile 6/60, Sample 128/128
Fra:96 Mem:196.48M (0.00M, Peak 196.80M) | Time:00:01.63 | Remaining:00:08.33 | Mem:18.17M, Peak:18.17M | Scene, RenderLayer | Path Tracing Tile 7/60, Sample 128/128
Fra:96 Mem:196.48M (0.00M, Peak 196.80M) | Time:00:01.63 | Remaining:00:08.28 | Mem:18.17M, Peak:18.17M | Scene, RenderLayer | Path Tracing Tile 7/60, Sample 8/128
Fra:96 Mem:196.15M (0.00M, Peak 196.80M) | Time:00:01.71 | Remaining:00:07.57 | Mem:17.84M, Peak:18.17M | Scene, RenderLayer | Path Tracing Tile 7/60, Sample 128/128
Fra:96 Mem:196.48M (0.00M, Peak 196.80M) | Time:00:01.71 | Remaining:00:07.57 | Mem:18.17M, Peak:18.17M | Scene, RenderLayer | Path Tracing Tile 8/60, Sample 128/128
Fra:96 Mem:196.48M (0.00M, Peak 196.80M) | Time:00:01.81 | Remaining:00:07.08 | Mem:18.17M, Peak:18.17M | Scene, RenderLayer | Path Tracing Tile 9/60, Sample 128/128
Fra:96 Mem:196.48M (0.00M, Peak 196.80M) | Time:00:01.92 | Remaining:00:06.75 | Mem:18.17M, Peak:18.17M | Scene, RenderLayer | Path Tracing Tile 10/60, Sample 128/128
Fra:96 Mem:196.48M (0.00M, Peak 196.80M) | Time:00:02.02 | Remaining:00:06.41 | Mem:18.17M, Peak:18.17M | Scene, RenderLayer | Path Tracing Tile 11/60, Sample 128/128
Fra:96 Mem:196.48M (0.00M, Peak 196.80M) | Time:00:02.11 | Remaining:00:06.06 | Mem:18.17M, Peak:18.17M | Scene, RenderLayer | Path Tracing Tile 12/60, Sample 128/128
Fra:96 Mem:196.48M (0.00M, Peak 196.80M) | Time:00:02.20 | Remaining:00:05.76 | Mem:18.17M, Peak:18.17M | Scene, RenderLayer | Path Tracing Tile 13/60, Sample 128/128
Fra:96 Mem:196.48M (0.00M, Peak 196.80M) | Time:00:02.30 | Remaining:00:05.53 | Mem:18.17M, Peak:18.17M | Scene, RenderLayer | Path Tracing Tile 14/60, Sample 128/128
Fra:96 Mem:196.48M (0.00M, Peak 196.80M) | Time:00:02.40 | Remaining:00:05.34 | Mem:18.17M, Peak:18.17M | Scene, RenderLayer | Path Tracing Tile 15/60, Sample 128/128
Fra:96 Mem:196.48M (0.00M, Peak 196.80M) | Time:00:02.51 | Remaining:00:05.17 | Mem:18.17M, Peak:18.17M | Scene, RenderLayer | Path Tracing Tile 16/60, Sample 128/128
Fra:96 Mem:196.48M (0.00M, Peak 196.80M) | Time:00:02.63 | Remaining:00:05.28 | Mem:18.17M, Peak:18.17M | Scene, RenderLayer | Path Tracing Tile 16/60, Sample 59/128
Fra:96 Mem:196.15M (0.00M, Peak 196.80M) | Time:00:02.74 | Remaining:00:05.29 | Mem:17.84M, Peak:18.17M | Scene, RenderLayer | Path Tracing Tile 16/60, Sample 128/128
Fra:96 Mem:196.48M (0.00M, Peak 196.80M) | Time:00:02.74 | Remaining:00:05.29 | Mem:18.17M, Peak:18.17M | Scene, RenderLayer | Path Tracing Tile 17/60, Sample 128/128
Fra:96 Mem:196.48M (0.00M, Peak 196.80M) | Time:00:02.82 | Remaining:00:05.05 | Mem:18.17M, Peak:18.17M | Scene, RenderLayer | Path Tracing Tile 18/60, Sample 128/128
Fra:96 Mem:196.48M (0.00M, Peak 196.80M) | Time:00:02.91 | Remaining:00:04.84 | Mem:18.17M, Peak:18.17M | Scene, RenderLayer | Path Tracing Tile 19/60, Sample 128/128
Fra:96 Mem:196.48M (0.00M, Peak 196.80M) | Time:00:03.01 | Remaining:00:04.65 | Mem:18.17M, Peak:18.17M | Scene, RenderLayer | Path Tracing Tile 20/60, Sample 128/128

Sent an internal break event. Press ^C again to kill Blender
Fra:96 Mem:196.15M (0.00M, Peak 196.80M) | Time:00:03.02 | Remaining:00:04.60 | Mem:17.84M, Peak:18.17M | Scene, RenderLayer | Path Tracing Tile 20/60, Sample 27/128
Fra:96 Mem:196.15M (0.00M, Peak 196.80M) | Time:00:03.02 | Remaining:00:04.60 | Mem:17.84M, Peak:18.17M | Scene, RenderLayer | Cancel | Cancelled
Fra:96 Mem:167.18M (0.00M, Peak 196.80M) | Time:00:03.03 | Sce: Scene Ve:0 Fa:0 La:0
acing Tile 22/60, Sample 128/128
Fra:95 Mem:196.46M (0.00M, Peak 196.78M) | Time:00:03.93 | Remaining:00:04.55 | Mem:18.15M, Peak:18.15M | Scene, RenderLayer | Path Tracing Tile 23/60, Sample 128/128
Fra:95 Mem:196.46M (0.00M, Peak 196.78M) | Time:00:04.01 | Remaining:00:04.34 | Mem:18.15M, Peak:18.15M | Scene, RenderLayer | Path Tracing Tile 23/60, Sample 127/128
Fra:95 Mem:196.14M (0.00M, Peak 196.78M) | Time:00:04.01 | Remaining:00:04.34 | Mem:17.82M, Peak:18.15M | Scene, RenderLayer | Path Tracing Tile 23/60, Sample 128/128
Fra:95 Mem:196.46M (0.00M, Peak 196.78M) | Time:00:04.01 | Remaining:00:04.34 | Mem:18.15M, Peak:18.15M | Scene, RenderLayer | Path Tracing Tile 24/60, Sample 128/128
Fra:95 Mem:196.46M (0.00M, Peak 196.78M) | Time:00:04.08 | Remaining:00:04.13 | Mem:18.15M, Peak:18.15M | Scene, RenderLayer | Path Tracing Tile 25/60, Sample 128/128
Fra:95 Mem:196.46M (0.00M, Peak 196.78M) | Time:00:04.17 | Remaining:00:03.95 | Mem:18.15M, Peak:18.15M | Scene, RenderLayer | Path Tracing Tile 26/60, Sample 128/128
Fra:95 Mem:196.46M (0.00M, Peak 196.78M) | Time:00:04.28 | Remaining:00:03.81 | Mem:18.15M, Peak:18.15M | Scene, RenderLayer | Path Tracing Tile 27/60, Sample 128/128
Fra:95 Mem:196.46M (0.00M, Peak 196.78M) | Time:00:04.35 | Remaining:00:03.62 | Mem:18.15M, Peak:18.15M | Scene, RenderLayer | Path Tracing Tile 28/60, Sample 128/128
Fra:95 Mem:196.46M (0.00M, Peak 196.78M) | Time:00:04.43 | Remaining:00:03.45 | Mem:18.15M, Peak:18.15M | Scene, RenderLayer | Path Tracing Tile 29/60, Sample 128/128
Fra:95 Mem:196.46M (0.00M, Peak 196.78M) | Time:00:04.52 | Remaining:00:03.30 | Mem:18.15M, Peak:18.15M | Scene, RenderLayer | Path Tracing Tile 30/60, Sample 128/128
Fra:95 Mem:196.46M (0.00M, Peak 196.78M) | Time:00:04.60 | Remaining:00:03.14 | Mem:18.15M, Peak:18.15M | Scene, RenderLayer | Path Tracing Tile 31/60, Sample 128/128
Fra:95 Mem:196.46M (0.00M, Peak 196.78M) | Time:00:04.68 | Remaining:00:02.99 | Mem:18.15M, Peak:18.15M | Scene, RenderLayer | Path Tracing Tile 32/60, Sample 128/128
Fra:95 Mem:196.46M (0.00M, Peak 196.78M) | Time:00:04.76 | Remaining:00:02.84 | Mem:18.15M, Peak:18.15M | Scene, RenderLayer | Path Tracing Tile 33/60, Sample 128/128
Fra:95 Mem:196.46M (0.00M, Peak 196.78M) | Time:00:04.83 | Remaining:00:02.69 | Mem:18.15M, Peak:18.15M | Scene, RenderLayer | Path Tracing Tile 34/60, Sample 128/128
Fra:95 Mem:196.46M (0.00M, Peak 196.78M) | Time:00:04.93 | Remaining:00:02.57 | Mem:18.15M, Peak:18.15M | Scene, RenderLayer | Path Tracing Tile 35/60, Sample 128/128
Fra:95 Mem:196.46M (0.00M, Peak 196.78M) | Time:00:05.01 | Remaining:00:02.45 | Mem:18.15M, Peak:18.15M | Scene, RenderLayer | Path Tracing Tile 35/60, Sample 112/128
Fra:95 Mem:196.14M (0.00M, Peak 196.78M) | Time:00:05.02 | Remaining:00:02.43 | Mem:17.82M, Peak:18.15M | Scene, RenderLayer | Path Tracing Tile 35/60, Sample 128/128
Fra:95 Mem:196.46M (0.00M, Peak 196.78M) | Time:00:05.02 | Remaining:00:02.43 | Mem:18.15M, Peak:18.15M | Scene, RenderLayer | Path Tracing Tile 36/60, Sample 128/128
Fra:95 Mem:196.46M (0.00M, Peak 196.78M) | Time:00:05.11 | Remaining:00:02.30 | Mem:18.15M, Peak:18.15M | Scene, RenderLayer | Path Tracing Tile 37/60, Sample 128/128
Fra:95 Mem:196.46M (0.00M, Peak 196.78M) | Time:00:05.20 | Remaining:00:02.18 | Mem:18.15M, Peak:18.15M | Scene, RenderLayer | Path Tracing Tile 38/60, Sample 128/128
Fra:95 Mem:196.46M (0.00M, Peak 196.78M) | Time:00:05.29 | Remaining:00:02.05 | Mem:18.15M, Peak:18.15M | Scene, RenderLayer | Path Tracing Tile 39/60, Sample 128/128
Fra:95 Mem:196.46M (0.00M, Peak 196.78M) | Time:00:05.38 | Remaining:00:01.93 | Mem:18.15M, Peak:18.15M | Scene, RenderLayer | Path Tracing Tile 40/60, Sample 128/128
Fra:95 Mem:196.46M (0.00M, Peak 196.78M) | Time:00:05.50 | Remaining:00:01.82 | Mem:18.15M, Peak:18.15M | Scene, RenderLayer | Path Tracing Tile 41/60, Sample 128/128
Fra:95 Mem:196.46M (0.00M, Peak 196.78M) | Time:00:05.72 | Remaining:00:01.75 | Mem:18.15M, Peak:18.15M | Scene, RenderLayer | Path Tracing Tile 42/60, Sample 128/128
Fra:95 Mem:196.46M (0.00M, Peak 196.78M) | Time:00:05.84 | Remaining:00:01.63 | Mem:18.15M, Peak:18.15M | Scene, RenderLayer | Path Tracing Tile 43/60, Sample 128/128
Fra:95 Mem:196.46M (0.00M, Peak 196.78M) | Time:00:05.95 | Remaining:00:01.52 | Mem:18.15M, Peak:18.15M | Scene, RenderLayer | Path Tracing Tile 44/60, Sample 128/128
Fra:95 Mem:196.46M (0.00M, Peak 196.78M) | Time:00:06.01 | Remaining:00:01.44 | Mem:18.15M, Peak:18.15M | Scene, RenderLayer | Path Tracing Tile 44/60, Sample 82/128
Fra:95 Mem:196.14M (0.00M, Peak 196.78M) | Time:00:06.06 | Remaining:00:01.40 | Mem:17.82M, Peak:18.15M | Scene, RenderLayer | Path Tracing Tile 44/60, Sample 128/128
Fra:95 Mem:196.46M (0.00M, Peak 196.78M) | Time:00:06.06 | Remaining:00:01.40 | Mem:18.15M, Peak:18.15M | Scene, RenderLayer | Path Tracing Tile 45/60, Sample 128/128
Fra:95 Mem:196.46M (0.00M, Peak 196.78M) | Time:00:06.19 | Remaining:00:01.29 | Mem:18.15M, Peak:18.15M | Scene, RenderLayer | Path Tracing Tile 46/60, Sample 128/128
Fra:95 Mem:196.46M (0.00M, Peak 196.78M) | Time:00:06.29 | Remaining:00:01.17 | Mem:18.15M, Peak:18.15M | Scene, RenderLayer | Path Tracing Tile 47/60, Sample 128/128
Fra:95 Mem:196.46M (0.00M, Peak 196.78M) | Time:00:06.40 | Remaining:00:01.06 | Mem:18.15M, Peak:18.15M | Scene, RenderLayer | Path Tracing Tile 48/60, Sample 128/128
Fra:95 Mem:196.46M (0.00M, Peak 196.78M) | Time:00:06.52 | Remaining:00:00.94 | Mem:18.15M, Peak:18.15M | Scene, RenderLayer | Path Tracing Tile 49/60, Sample 128/128
Fra:95 Mem:196.46M (0.00M, Peak 196.78M) | Time:00:06.76 | Remaining:00:00.85 | Mem:18.15M, Peak:18.15M | Scene, RenderLayer | Path Tracing Tile 50/60, Sample 128/128
Fra:95 Mem:196.34M (0.00M, Peak 196.78M) | Time:00:06.92 | Remaining:00:00.73 | Mem:18.03M, Peak:18.15M | Scene, RenderLayer | Path Tracing Tile 51/60, Sample 128/128
Fra:95 Mem:196.34M (0.00M, Peak 196.78M) | Time:00:07.01 | Remaining:00:00.67 | Mem:18.03M, Peak:18.15M | Scene, RenderLayer | Path Tracing Tile 51/60, Sample 111/128
Fra:95 Mem:196.14M (0.00M, Peak 196.78M) | Time:00:07.02 | Remaining:00:00.66 | Mem:17.82M, Peak:18.15M | Scene, RenderLayer | Path Tracing Tile 51/60, Sample 128/128
Fra:95 Mem:196.34M (0.00M, Peak 196.78M) | Time:00:07.02 | Remaining:00:00.66 | Mem:18.03M, Peak:18.15M | Scene, RenderLayer | Path Tracing Tile 52/60, Sample 128/128
Fra:95 Mem:196.34M (0.00M, Peak 196.78M) | Time:00:07.13 | Remaining:00:00.59 | Mem:18.03M, Peak:18.15M | Scene, RenderLayer | Path Tracing Tile 53/60, Sample 128/128
Fra:95 Mem:196.34M (0.00M, Peak 196.78M) | Time:00:07.20 | Remaining:00:00.52 | Mem:18.03M, Peak:18.15M | Scene, RenderLayer | Path Tracing Tile 54/60, Sample 128/128
Fra:95 Mem:196.34M (0.00M, Peak 196.78M) | Time:00:07.29 | Remaining:00:00.44 | Mem:18.03M, Peak:18.15M | Scene, RenderLayer | Path Tracing Tile 55/60, Sample 128/128
Fra:95 Mem:196.34M (0.00M, Peak 196.78M) | Time:00:07.37 | Remaining:00:00.37 | Mem:18.03M, Peak:18.15M | Scene, RenderLayer | Path Tracing Tile 56/60, Sample 128/128
Fra:95 Mem:196.34M (0.00M, Peak 196.78M) | Time:00:07.43 | Remaining:00:00.29 | Mem:18.03M, Peak:18.15M | Scene, RenderLayer | Path Tracing Tile 57/60, Sample 128/128
Fra:95 Mem:196.34M (0.00M, Peak 196.78M) | Time:00:07.49 | Remaining:00:00.22 | Mem:18.03M, Peak:18.15M | Scene, RenderLayer | Path Tracing Tile 58/60, Sample 128/128
Fra:95 Mem:196.34M (0.00M, Peak 196.78M) | Time:00:07.54 | Remaining:00:00.14 | Mem:18.03M, Peak:18.15M | Scene, RenderLayer | Path Tracing Tile 59/60, Sample 128/128
Fra:95 Mem:196.34M (0.00M, Peak 196.78M) | Time:00:07.61 | Remaining:00:00.07 | Mem:18.03M, Peak:18.15M | Scene, RenderLayer | Path Tracing Tile 60/60, Sample 128/128
Fra:95 Mem:196.14M (0.00M, Peak 196.78M) | Time:00:07.67 | Mem:17.82M, Peak:18.15M | Scene, RenderLayer | Finished
Fra:95 Mem:167.18M (0.00M, Peak 196.78M) | Time:00:07.68 | Compositing
Fra:95 Mem:174.51M (0.00M, Peak 196.78M) | Time:00:07.72 | Compositing | Determining resolution
Fra:95 Mem:174.51M (0.00M, Peak 196.78M) | Time:00:07.72 | Compositing | Initializing execution
Fra:95 Mem:178.91M (0.00M, Peak 196.78M) | Time:00:07.73 | Compositing | Tile 1-6
Fra:95 Mem:178.91M (0.00M, Peak 196.78M) | Time:00:07.75 | Compositing | Tile 2-6
Fra:95 Mem:178.91M (0.00M, Peak 196.78M) | Time:00:07.76 | Compositing | Tile 3-6
Fra:95 Mem:178.91M (0.00M, Peak 196.78M) | Time:00:07.76 | Compositing | Tile 4-6
Fra:95 Mem:178.91M (0.00M, Peak 196.78M) | Time:00:07.78 | Compositing | Tile 5-6
Fra:95 Mem:178.91M (0.00M, Peak 196.78M) | Time:00:07.78 | Compositing | Tile 6-6
Fra:95 Mem:178.91M (0.00M, Peak 196.78M) | Time:00:07.78 | Compositing | De-initializing execution
Fra:95 Mem:178.91M (0.00M, Peak 196.78M) | Time:00:07.78 | Sce: Scene Ve:0 Fa:0 La:0
Saved: 'tmp/gtav_1579708087.481881.mp4/0095.png'
 Time: 00:07.93 (Saving: 00:00.14)


Fra:42 Mem:178.91M (0.00M, Peak 196.79M) | Time:00:07.88 | Sce: Scene Ve:0 Fa:0 La:0
Saved: 'tmp/gtav_1579708087.481881.mp4/0042.png'
 Time: 00:07.99 (Saving: 00:00.11)

.91M (0.00M, Peak 197.41M) | Time:00:09.43 | Compositing | Tile 6-6
Fra:16 Mem:178.91M (0.00M, Peak 197.41M) | Time:00:09.43 | Compositing | De-initializing execution
Fra:16 Mem:178.91M (0.00M, Peak 197.41M) | Time:00:09.43 | Sce: Scene Ve:0 Fa:0 La:0
Saved: 'tmp/gtav_1579708087.481881.mp4/0016.png'
 Time: 00:09.57 (Saving: 00:00.14)

